[0.481s] Invoking command in '/home/haoyu/yolov5_ws/src/yolov5_ros2': PYTHONPATH=/home/haoyu/yolov5_ws/build/yolov5_ros2/prefix_override:/usr/lib/python3/dist-packages/colcon_core/task/python/colcon_distutils_commands:/home/haoyu/yolov5_ws/install/yolov5_ros2/lib/python3.10/site-packages:${PYTHONPATH} /usr/bin/python3 -W ignore:setup.py install is deprecated -W ignore:easy_install command is deprecated setup.py egg_info --egg-base ../../build/yolov5_ros2 build --build-base /home/haoyu/yolov5_ws/build/yolov5_ros2/build install --record /home/haoyu/yolov5_ws/build/yolov5_ros2/install.log --single-version-externally-managed install_data
[0.664s] running egg_info
[0.669s] writing ../../build/yolov5_ros2/yolov5_ros2.egg-info/PKG-INFO
[0.670s] writing dependency_links to ../../build/yolov5_ros2/yolov5_ros2.egg-info/dependency_links.txt
[0.670s] writing entry points to ../../build/yolov5_ros2/yolov5_ros2.egg-info/entry_points.txt
[0.670s] writing requirements to ../../build/yolov5_ros2/yolov5_ros2.egg-info/requires.txt
[0.670s] writing top-level names to ../../build/yolov5_ros2/yolov5_ros2.egg-info/top_level.txt
[0.687s] reading manifest file '../../build/yolov5_ros2/yolov5_ros2.egg-info/SOURCES.txt'
[0.687s] writing manifest file '../../build/yolov5_ros2/yolov5_ros2.egg-info/SOURCES.txt'
[0.687s] running build
[0.687s] running build_py
[0.687s] running install
[0.690s] running install_lib
[0.695s] running install_data
[0.695s] copying launch/yolov5_ros2_launch.py -> /home/haoyu/yolov5_ws/install/yolov5_ros2/share/yolov5_ros2/launch
[0.695s] running install_egg_info
[0.701s] removing '/home/haoyu/yolov5_ws/install/yolov5_ros2/lib/python3.10/site-packages/yolov5_ros2-0.0.0-py3.10.egg-info' (and everything under it)
[0.701s] Copying ../../build/yolov5_ros2/yolov5_ros2.egg-info to /home/haoyu/yolov5_ws/install/yolov5_ros2/lib/python3.10/site-packages/yolov5_ros2-0.0.0-py3.10.egg-info
[0.701s] running install_scripts
[0.725s] Installing yolo_detect_2d script to /home/haoyu/yolov5_ws/install/yolov5_ros2/lib/yolov5_ros2
[0.725s] writing list of installed files to '/home/haoyu/yolov5_ws/build/yolov5_ros2/install.log'
[0.760s] Invoked command in '/home/haoyu/yolov5_ws/src/yolov5_ros2' returned '0': PYTHONPATH=/home/haoyu/yolov5_ws/build/yolov5_ros2/prefix_override:/usr/lib/python3/dist-packages/colcon_core/task/python/colcon_distutils_commands:/home/haoyu/yolov5_ws/install/yolov5_ros2/lib/python3.10/site-packages:${PYTHONPATH} /usr/bin/python3 -W ignore:setup.py install is deprecated -W ignore:easy_install command is deprecated setup.py egg_info --egg-base ../../build/yolov5_ros2 build --build-base /home/haoyu/yolov5_ws/build/yolov5_ros2/build install --record /home/haoyu/yolov5_ws/build/yolov5_ros2/install.log --single-version-externally-managed install_data
