[0.572s] Invoking command in '/home/haoyu/yolov5_ws/build/yolov5_ros2': PYTHONPATH=/home/haoyu/yolov5_ws/build/yolov5_ros2/prefix_override:/usr/lib/python3/dist-packages/colcon_core/task/python/colcon_distutils_commands:/home/haoyu/yolov5_ws/install/yolov5_ros2/lib/python3.10/site-packages:${PYTHONPATH} /usr/bin/python3 -W ignore:setup.py install is deprecated -W ignore:easy_install command is deprecated setup.py develop --editable --build-directory /home/haoyu/yolov5_ws/build/yolov5_ros2/build --no-deps symlink_data
[0.761s] running develop
[0.869s] running egg_info
[0.870s] creating yolov5_ros2.egg-info
[0.875s] writing yolov5_ros2.egg-info/PKG-INFO
[0.875s] writing dependency_links to yolov5_ros2.egg-info/dependency_links.txt
[0.875s] writing entry points to yolov5_ros2.egg-info/entry_points.txt
[0.876s] writing requirements to yolov5_ros2.egg-info/requires.txt
[0.876s] writing top-level names to yolov5_ros2.egg-info/top_level.txt
[0.876s] writing manifest file 'yolov5_ros2.egg-info/SOURCES.txt'
[0.888s] reading manifest file 'yolov5_ros2.egg-info/SOURCES.txt'
[0.888s] writing manifest file 'yolov5_ros2.egg-info/SOURCES.txt'
[0.895s] running build_ext
[0.895s] Creating /home/haoyu/yolov5_ws/install/yolov5_ros2/lib/python3.10/site-packages/yolov5-ros2.egg-link (link to .)
[0.895s] Installing yolo_detect_2d script to /home/haoyu/yolov5_ws/install/yolov5_ros2/lib/yolov5_ros2
[0.895s] 
[0.895s] Installed /home/haoyu/yolov5_ws/build/yolov5_ros2
[0.896s] running symlink_data
[0.896s] symbolically linking /home/haoyu/yolov5_ws/build/yolov5_ros2/package.xml -> /home/haoyu/yolov5_ws/install/yolov5_ros2/share/yolov5_ros2
[0.896s] creating /home/haoyu/yolov5_ws/install/yolov5_ros2/share/yolov5_ros2/launch
[0.896s] symbolically linking /home/haoyu/yolov5_ws/build/yolov5_ros2/launch/yolov5_ros2_launch.py -> /home/haoyu/yolov5_ws/install/yolov5_ros2/share/yolov5_ros2/launch
[0.896s] creating /home/haoyu/yolov5_ws/install/yolov5_ros2/share/yolov5_ros2/config
[0.896s] symbolically linking /home/haoyu/yolov5_ws/build/yolov5_ros2/config/best.pt -> /home/haoyu/yolov5_ws/install/yolov5_ros2/share/yolov5_ros2/config
[0.896s] symbolically linking /home/haoyu/yolov5_ws/build/yolov5_ros2/config/camera_info.yaml -> /home/haoyu/yolov5_ws/install/yolov5_ros2/share/yolov5_ros2/config
[0.896s] creating /home/haoyu/yolov5_ws/install/yolov5_ros2/share/yolov5_ros2/resource
[0.896s] symbolically linking /home/haoyu/yolov5_ws/build/yolov5_ros2/resource/yolov5_ros2 -> /home/haoyu/yolov5_ws/install/yolov5_ros2/share/yolov5_ros2/resource
[0.896s] symbolically linking /home/haoyu/yolov5_ws/build/yolov5_ros2/resource/mouse.png -> /home/haoyu/yolov5_ws/install/yolov5_ros2/share/yolov5_ros2/resource
[0.896s] symbolically linking /home/haoyu/yolov5_ws/build/yolov5_ros2/resource/fish.jpg -> /home/haoyu/yolov5_ws/install/yolov5_ros2/share/yolov5_ros2/resource
[0.931s] Invoked command in '/home/haoyu/yolov5_ws/build/yolov5_ros2' returned '0': PYTHONPATH=/home/haoyu/yolov5_ws/build/yolov5_ros2/prefix_override:/usr/lib/python3/dist-packages/colcon_core/task/python/colcon_distutils_commands:/home/haoyu/yolov5_ws/install/yolov5_ros2/lib/python3.10/site-packages:${PYTHONPATH} /usr/bin/python3 -W ignore:setup.py install is deprecated -W ignore:easy_install command is deprecated setup.py develop --editable --build-directory /home/haoyu/yolov5_ws/build/yolov5_ros2/build --no-deps symlink_data
