[0.455s] Invoking command in '/home/haoyu/yolov5_ws/src/yolov5_ros2': PYTHONPATH=/home/haoyu/yolov5_ws/build/yolov5_ros2/prefix_override:/usr/lib/python3/dist-packages/colcon_core/task/python/colcon_distutils_commands:/home/haoyu/yolov5_ws/install/yolov5_ros2/lib/python3.10/site-packages:${PYTHONPATH} /usr/bin/python3 -W ignore:setup.py install is deprecated -W ignore:easy_install command is deprecated setup.py egg_info --egg-base ../../build/yolov5_ros2 build --build-base /home/haoyu/yolov5_ws/build/yolov5_ros2/build install --record /home/haoyu/yolov5_ws/build/yolov5_ros2/install.log --single-version-externally-managed install_data
[0.607s] running egg_info
[0.613s] writing ../../build/yolov5_ros2/yolov5_ros2.egg-info/PKG-INFO
[0.613s] writing dependency_links to ../../build/yolov5_ros2/yolov5_ros2.egg-info/dependency_links.txt
[0.613s] writing entry points to ../../build/yolov5_ros2/yolov5_ros2.egg-info/entry_points.txt
[0.613s] writing requirements to ../../build/yolov5_ros2/yolov5_ros2.egg-info/requires.txt
[0.613s] writing top-level names to ../../build/yolov5_ros2/yolov5_ros2.egg-info/top_level.txt
[0.630s] reading manifest file '../../build/yolov5_ros2/yolov5_ros2.egg-info/SOURCES.txt'
[0.631s] writing manifest file '../../build/yolov5_ros2/yolov5_ros2.egg-info/SOURCES.txt'
[0.631s] running build
[0.631s] running build_py
[0.631s] copying yolov5_ros2/yolo_detect_2d.py -> /home/haoyu/yolov5_ws/build/yolov5_ros2/build/lib/yolov5_ros2
[0.631s] running install
[0.633s] running install_lib
[0.638s] copying /home/haoyu/yolov5_ws/build/yolov5_ros2/build/lib/yolov5_ros2/yolo_detect_2d.py -> /home/haoyu/yolov5_ws/install/yolov5_ros2/lib/python3.10/site-packages/yolov5_ros2
[0.639s] byte-compiling /home/haoyu/yolov5_ws/install/yolov5_ros2/lib/python3.10/site-packages/yolov5_ros2/yolo_detect_2d.py to yolo_detect_2d.cpython-310.pyc
[0.640s] running install_data
[0.640s] running install_egg_info
[0.645s] removing '/home/haoyu/yolov5_ws/install/yolov5_ros2/lib/python3.10/site-packages/yolov5_ros2-0.0.0-py3.10.egg-info' (and everything under it)
[0.645s] Copying ../../build/yolov5_ros2/yolov5_ros2.egg-info to /home/haoyu/yolov5_ws/install/yolov5_ros2/lib/python3.10/site-packages/yolov5_ros2-0.0.0-py3.10.egg-info
[0.646s] running install_scripts
[0.668s] Installing yolo_detect_2d script to /home/haoyu/yolov5_ws/install/yolov5_ros2/lib/yolov5_ros2
[0.669s] writing list of installed files to '/home/haoyu/yolov5_ws/build/yolov5_ros2/install.log'
[0.708s] Invoked command in '/home/haoyu/yolov5_ws/src/yolov5_ros2' returned '0': PYTHONPATH=/home/haoyu/yolov5_ws/build/yolov5_ros2/prefix_override:/usr/lib/python3/dist-packages/colcon_core/task/python/colcon_distutils_commands:/home/haoyu/yolov5_ws/install/yolov5_ros2/lib/python3.10/site-packages:${PYTHONPATH} /usr/bin/python3 -W ignore:setup.py install is deprecated -W ignore:easy_install command is deprecated setup.py egg_info --egg-base ../../build/yolov5_ros2 build --build-base /home/haoyu/yolov5_ws/build/yolov5_ros2/build install --record /home/haoyu/yolov5_ws/build/yolov5_ros2/install.log --single-version-externally-managed install_data
