[0.068s] DEBUG:colcon:Command line arguments: ['/usr/bin/colcon', 'build']
[0.068s] DEBUG:colcon:Parsed command line arguments: Namespace(log_base=None, log_level=None, verb_name='build', build_base='build', install_base='install', merge_install=False, symlink_install=False, test_result_base=None, continue_on_error=False, executor='parallel', parallel_workers=24, event_handlers=None, ignore_user_meta=False, metas=['./colcon.meta'], base_paths=['.'], packages_ignore=None, packages_ignore_regex=None, paths=None, packages_up_to=None, packages_up_to_regex=None, packages_above=None, packages_above_and_dependencies=None, packages_above_depth=None, packages_select_by_dep=None, packages_skip_by_dep=None, packages_skip_up_to=None, packages_select_build_failed=False, packages_skip_build_finished=False, packages_select_test_failures=False, packages_skip_test_passed=False, packages_select=None, packages_skip=None, packages_select_regex=None, packages_skip_regex=None, packages_start=None, packages_end=None, allow_overriding=[], cmake_args=None, cmake_target=None, cmake_target_skip_unavailable=False, cmake_clean_cache=False, cmake_clean_first=False, cmake_force_configure=False, ament_cmake_args=None, catkin_cmake_args=None, catkin_skip_building_tests=False, verb_parser=<colcon_defaults.argument_parser.defaults.DefaultArgumentsDecorator object at 0x7f129656dc90>, verb_extension=<colcon_core.verb.build.BuildVerb object at 0x7f129656d780>, main=<bound method BuildVerb.main of <colcon_core.verb.build.BuildVerb object at 0x7f129656d780>>)
[0.211s] Level 1:colcon.colcon_core.package_discovery:discover_packages(colcon_meta) check parameters
[0.211s] Level 1:colcon.colcon_core.package_discovery:discover_packages(recursive) check parameters
[0.211s] Level 1:colcon.colcon_core.package_discovery:discover_packages(ignore) check parameters
[0.211s] Level 1:colcon.colcon_core.package_discovery:discover_packages(path) check parameters
[0.211s] Level 1:colcon.colcon_core.package_discovery:discover_packages(colcon_meta) discover
[0.211s] Level 1:colcon.colcon_core.package_discovery:discover_packages(recursive) discover
[0.211s] INFO:colcon.colcon_core.package_discovery:Crawling recursively for packages in '/home/haoyu/yolov5_ws'
[0.211s] Level 1:colcon.colcon_core.package_identification:_identify(.) by extensions ['ignore', 'ignore_ament_install']
[0.211s] Level 1:colcon.colcon_core.package_identification:_identify(.) by extension 'ignore'
[0.211s] Level 1:colcon.colcon_core.package_identification:_identify(.) by extension 'ignore_ament_install'
[0.212s] Level 1:colcon.colcon_core.package_identification:_identify(.) by extensions ['colcon_pkg']
[0.212s] Level 1:colcon.colcon_core.package_identification:_identify(.) by extension 'colcon_pkg'
[0.212s] Level 1:colcon.colcon_core.package_identification:_identify(.) by extensions ['colcon_meta']
[0.212s] Level 1:colcon.colcon_core.package_identification:_identify(.) by extension 'colcon_meta'
[0.212s] Level 1:colcon.colcon_core.package_identification:_identify(.) by extensions ['ros']
[0.212s] Level 1:colcon.colcon_core.package_identification:_identify(.) by extension 'ros'
[0.220s] Level 1:colcon.colcon_core.package_identification:_identify(.) by extensions ['cmake', 'python']
[0.220s] Level 1:colcon.colcon_core.package_identification:_identify(.) by extension 'cmake'
[0.220s] Level 1:colcon.colcon_core.package_identification:_identify(.) by extension 'python'
[0.220s] Level 1:colcon.colcon_core.package_identification:_identify(.) by extensions ['python_setup_py']
[0.220s] Level 1:colcon.colcon_core.package_identification:_identify(.) by extension 'python_setup_py'
[0.220s] Level 1:colcon.colcon_core.package_identification:_identify(build) by extensions ['ignore', 'ignore_ament_install']
[0.220s] Level 1:colcon.colcon_core.package_identification:_identify(build) by extension 'ignore'
[0.220s] Level 1:colcon.colcon_core.package_identification:_identify(build) ignored
[0.220s] Level 1:colcon.colcon_core.package_identification:_identify(dataset_raw) by extensions ['ignore', 'ignore_ament_install']
[0.220s] Level 1:colcon.colcon_core.package_identification:_identify(dataset_raw) by extension 'ignore'
[0.220s] Level 1:colcon.colcon_core.package_identification:_identify(dataset_raw) by extension 'ignore_ament_install'
[0.220s] Level 1:colcon.colcon_core.package_identification:_identify(dataset_raw) by extensions ['colcon_pkg']
[0.220s] Level 1:colcon.colcon_core.package_identification:_identify(dataset_raw) by extension 'colcon_pkg'
[0.220s] Level 1:colcon.colcon_core.package_identification:_identify(dataset_raw) by extensions ['colcon_meta']
[0.220s] Level 1:colcon.colcon_core.package_identification:_identify(dataset_raw) by extension 'colcon_meta'
[0.220s] Level 1:colcon.colcon_core.package_identification:_identify(dataset_raw) by extensions ['ros']
[0.220s] Level 1:colcon.colcon_core.package_identification:_identify(dataset_raw) by extension 'ros'
[0.220s] Level 1:colcon.colcon_core.package_identification:_identify(dataset_raw) by extensions ['cmake', 'python']
[0.220s] Level 1:colcon.colcon_core.package_identification:_identify(dataset_raw) by extension 'cmake'
[0.220s] Level 1:colcon.colcon_core.package_identification:_identify(dataset_raw) by extension 'python'
[0.220s] Level 1:colcon.colcon_core.package_identification:_identify(dataset_raw) by extensions ['python_setup_py']
[0.220s] Level 1:colcon.colcon_core.package_identification:_identify(dataset_raw) by extension 'python_setup_py'
[0.220s] Level 1:colcon.colcon_core.package_identification:_identify(dataset_raw/back) by extensions ['ignore', 'ignore_ament_install']
[0.221s] Level 1:colcon.colcon_core.package_identification:_identify(dataset_raw/back) by extension 'ignore'
[0.221s] Level 1:colcon.colcon_core.package_identification:_identify(dataset_raw/back) by extension 'ignore_ament_install'
[0.221s] Level 1:colcon.colcon_core.package_identification:_identify(dataset_raw/back) by extensions ['colcon_pkg']
[0.221s] Level 1:colcon.colcon_core.package_identification:_identify(dataset_raw/back) by extension 'colcon_pkg'
[0.221s] Level 1:colcon.colcon_core.package_identification:_identify(dataset_raw/back) by extensions ['colcon_meta']
[0.221s] Level 1:colcon.colcon_core.package_identification:_identify(dataset_raw/back) by extension 'colcon_meta'
[0.221s] Level 1:colcon.colcon_core.package_identification:_identify(dataset_raw/back) by extensions ['ros']
[0.221s] Level 1:colcon.colcon_core.package_identification:_identify(dataset_raw/back) by extension 'ros'
[0.221s] Level 1:colcon.colcon_core.package_identification:_identify(dataset_raw/back) by extensions ['cmake', 'python']
[0.221s] Level 1:colcon.colcon_core.package_identification:_identify(dataset_raw/back) by extension 'cmake'
[0.221s] Level 1:colcon.colcon_core.package_identification:_identify(dataset_raw/back) by extension 'python'
[0.221s] Level 1:colcon.colcon_core.package_identification:_identify(dataset_raw/back) by extensions ['python_setup_py']
[0.221s] Level 1:colcon.colcon_core.package_identification:_identify(dataset_raw/back) by extension 'python_setup_py'
[0.221s] Level 1:colcon.colcon_core.package_identification:_identify(dataset_raw/back/images) by extensions ['ignore', 'ignore_ament_install']
[0.221s] Level 1:colcon.colcon_core.package_identification:_identify(dataset_raw/back/images) by extension 'ignore'
[0.221s] Level 1:colcon.colcon_core.package_identification:_identify(dataset_raw/back/images) by extension 'ignore_ament_install'
[0.221s] Level 1:colcon.colcon_core.package_identification:_identify(dataset_raw/back/images) by extensions ['colcon_pkg']
[0.221s] Level 1:colcon.colcon_core.package_identification:_identify(dataset_raw/back/images) by extension 'colcon_pkg'
[0.221s] Level 1:colcon.colcon_core.package_identification:_identify(dataset_raw/back/images) by extensions ['colcon_meta']
[0.221s] Level 1:colcon.colcon_core.package_identification:_identify(dataset_raw/back/images) by extension 'colcon_meta'
[0.221s] Level 1:colcon.colcon_core.package_identification:_identify(dataset_raw/back/images) by extensions ['ros']
[0.221s] Level 1:colcon.colcon_core.package_identification:_identify(dataset_raw/back/images) by extension 'ros'
[0.221s] Level 1:colcon.colcon_core.package_identification:_identify(dataset_raw/back/images) by extensions ['cmake', 'python']
[0.221s] Level 1:colcon.colcon_core.package_identification:_identify(dataset_raw/back/images) by extension 'cmake'
[0.221s] Level 1:colcon.colcon_core.package_identification:_identify(dataset_raw/back/images) by extension 'python'
[0.221s] Level 1:colcon.colcon_core.package_identification:_identify(dataset_raw/back/images) by extensions ['python_setup_py']
[0.221s] Level 1:colcon.colcon_core.package_identification:_identify(dataset_raw/back/images) by extension 'python_setup_py'
[0.221s] Level 1:colcon.colcon_core.package_identification:_identify(dataset_raw/frontleft) by extensions ['ignore', 'ignore_ament_install']
[0.221s] Level 1:colcon.colcon_core.package_identification:_identify(dataset_raw/frontleft) by extension 'ignore'
[0.221s] Level 1:colcon.colcon_core.package_identification:_identify(dataset_raw/frontleft) by extension 'ignore_ament_install'
[0.221s] Level 1:colcon.colcon_core.package_identification:_identify(dataset_raw/frontleft) by extensions ['colcon_pkg']
[0.221s] Level 1:colcon.colcon_core.package_identification:_identify(dataset_raw/frontleft) by extension 'colcon_pkg'
[0.221s] Level 1:colcon.colcon_core.package_identification:_identify(dataset_raw/frontleft) by extensions ['colcon_meta']
[0.221s] Level 1:colcon.colcon_core.package_identification:_identify(dataset_raw/frontleft) by extension 'colcon_meta'
[0.221s] Level 1:colcon.colcon_core.package_identification:_identify(dataset_raw/frontleft) by extensions ['ros']
[0.221s] Level 1:colcon.colcon_core.package_identification:_identify(dataset_raw/frontleft) by extension 'ros'
[0.221s] Level 1:colcon.colcon_core.package_identification:_identify(dataset_raw/frontleft) by extensions ['cmake', 'python']
[0.221s] Level 1:colcon.colcon_core.package_identification:_identify(dataset_raw/frontleft) by extension 'cmake'
[0.221s] Level 1:colcon.colcon_core.package_identification:_identify(dataset_raw/frontleft) by extension 'python'
[0.221s] Level 1:colcon.colcon_core.package_identification:_identify(dataset_raw/frontleft) by extensions ['python_setup_py']
[0.221s] Level 1:colcon.colcon_core.package_identification:_identify(dataset_raw/frontleft) by extension 'python_setup_py'
[0.221s] Level 1:colcon.colcon_core.package_identification:_identify(dataset_raw/frontleft/images) by extensions ['ignore', 'ignore_ament_install']
[0.221s] Level 1:colcon.colcon_core.package_identification:_identify(dataset_raw/frontleft/images) by extension 'ignore'
[0.222s] Level 1:colcon.colcon_core.package_identification:_identify(dataset_raw/frontleft/images) by extension 'ignore_ament_install'
[0.222s] Level 1:colcon.colcon_core.package_identification:_identify(dataset_raw/frontleft/images) by extensions ['colcon_pkg']
[0.222s] Level 1:colcon.colcon_core.package_identification:_identify(dataset_raw/frontleft/images) by extension 'colcon_pkg'
[0.222s] Level 1:colcon.colcon_core.package_identification:_identify(dataset_raw/frontleft/images) by extensions ['colcon_meta']
[0.222s] Level 1:colcon.colcon_core.package_identification:_identify(dataset_raw/frontleft/images) by extension 'colcon_meta'
[0.222s] Level 1:colcon.colcon_core.package_identification:_identify(dataset_raw/frontleft/images) by extensions ['ros']
[0.222s] Level 1:colcon.colcon_core.package_identification:_identify(dataset_raw/frontleft/images) by extension 'ros'
[0.222s] Level 1:colcon.colcon_core.package_identification:_identify(dataset_raw/frontleft/images) by extensions ['cmake', 'python']
[0.222s] Level 1:colcon.colcon_core.package_identification:_identify(dataset_raw/frontleft/images) by extension 'cmake'
[0.222s] Level 1:colcon.colcon_core.package_identification:_identify(dataset_raw/frontleft/images) by extension 'python'
[0.222s] Level 1:colcon.colcon_core.package_identification:_identify(dataset_raw/frontleft/images) by extensions ['python_setup_py']
[0.222s] Level 1:colcon.colcon_core.package_identification:_identify(dataset_raw/frontleft/images) by extension 'python_setup_py'
[0.222s] Level 1:colcon.colcon_core.package_identification:_identify(dataset_raw/frontright) by extensions ['ignore', 'ignore_ament_install']
[0.222s] Level 1:colcon.colcon_core.package_identification:_identify(dataset_raw/frontright) by extension 'ignore'
[0.222s] Level 1:colcon.colcon_core.package_identification:_identify(dataset_raw/frontright) by extension 'ignore_ament_install'
[0.222s] Level 1:colcon.colcon_core.package_identification:_identify(dataset_raw/frontright) by extensions ['colcon_pkg']
[0.222s] Level 1:colcon.colcon_core.package_identification:_identify(dataset_raw/frontright) by extension 'colcon_pkg'
[0.222s] Level 1:colcon.colcon_core.package_identification:_identify(dataset_raw/frontright) by extensions ['colcon_meta']
[0.222s] Level 1:colcon.colcon_core.package_identification:_identify(dataset_raw/frontright) by extension 'colcon_meta'
[0.222s] Level 1:colcon.colcon_core.package_identification:_identify(dataset_raw/frontright) by extensions ['ros']
[0.222s] Level 1:colcon.colcon_core.package_identification:_identify(dataset_raw/frontright) by extension 'ros'
[0.222s] Level 1:colcon.colcon_core.package_identification:_identify(dataset_raw/frontright) by extensions ['cmake', 'python']
[0.222s] Level 1:colcon.colcon_core.package_identification:_identify(dataset_raw/frontright) by extension 'cmake'
[0.222s] Level 1:colcon.colcon_core.package_identification:_identify(dataset_raw/frontright) by extension 'python'
[0.222s] Level 1:colcon.colcon_core.package_identification:_identify(dataset_raw/frontright) by extensions ['python_setup_py']
[0.222s] Level 1:colcon.colcon_core.package_identification:_identify(dataset_raw/frontright) by extension 'python_setup_py'
[0.222s] Level 1:colcon.colcon_core.package_identification:_identify(dataset_raw/frontright/images) by extensions ['ignore', 'ignore_ament_install']
[0.222s] Level 1:colcon.colcon_core.package_identification:_identify(dataset_raw/frontright/images) by extension 'ignore'
[0.222s] Level 1:colcon.colcon_core.package_identification:_identify(dataset_raw/frontright/images) by extension 'ignore_ament_install'
[0.222s] Level 1:colcon.colcon_core.package_identification:_identify(dataset_raw/frontright/images) by extensions ['colcon_pkg']
[0.222s] Level 1:colcon.colcon_core.package_identification:_identify(dataset_raw/frontright/images) by extension 'colcon_pkg'
[0.222s] Level 1:colcon.colcon_core.package_identification:_identify(dataset_raw/frontright/images) by extensions ['colcon_meta']
[0.222s] Level 1:colcon.colcon_core.package_identification:_identify(dataset_raw/frontright/images) by extension 'colcon_meta'
[0.222s] Level 1:colcon.colcon_core.package_identification:_identify(dataset_raw/frontright/images) by extensions ['ros']
[0.222s] Level 1:colcon.colcon_core.package_identification:_identify(dataset_raw/frontright/images) by extension 'ros'
[0.222s] Level 1:colcon.colcon_core.package_identification:_identify(dataset_raw/frontright/images) by extensions ['cmake', 'python']
[0.222s] Level 1:colcon.colcon_core.package_identification:_identify(dataset_raw/frontright/images) by extension 'cmake'
[0.222s] Level 1:colcon.colcon_core.package_identification:_identify(dataset_raw/frontright/images) by extension 'python'
[0.222s] Level 1:colcon.colcon_core.package_identification:_identify(dataset_raw/frontright/images) by extensions ['python_setup_py']
[0.222s] Level 1:colcon.colcon_core.package_identification:_identify(dataset_raw/frontright/images) by extension 'python_setup_py'
[0.222s] Level 1:colcon.colcon_core.package_identification:_identify(dataset_raw/left) by extensions ['ignore', 'ignore_ament_install']
[0.222s] Level 1:colcon.colcon_core.package_identification:_identify(dataset_raw/left) by extension 'ignore'
[0.222s] Level 1:colcon.colcon_core.package_identification:_identify(dataset_raw/left) by extension 'ignore_ament_install'
[0.222s] Level 1:colcon.colcon_core.package_identification:_identify(dataset_raw/left) by extensions ['colcon_pkg']
[0.222s] Level 1:colcon.colcon_core.package_identification:_identify(dataset_raw/left) by extension 'colcon_pkg'
[0.222s] Level 1:colcon.colcon_core.package_identification:_identify(dataset_raw/left) by extensions ['colcon_meta']
[0.222s] Level 1:colcon.colcon_core.package_identification:_identify(dataset_raw/left) by extension 'colcon_meta'
[0.222s] Level 1:colcon.colcon_core.package_identification:_identify(dataset_raw/left) by extensions ['ros']
[0.222s] Level 1:colcon.colcon_core.package_identification:_identify(dataset_raw/left) by extension 'ros'
[0.222s] Level 1:colcon.colcon_core.package_identification:_identify(dataset_raw/left) by extensions ['cmake', 'python']
[0.222s] Level 1:colcon.colcon_core.package_identification:_identify(dataset_raw/left) by extension 'cmake'
[0.222s] Level 1:colcon.colcon_core.package_identification:_identify(dataset_raw/left) by extension 'python'
[0.222s] Level 1:colcon.colcon_core.package_identification:_identify(dataset_raw/left) by extensions ['python_setup_py']
[0.222s] Level 1:colcon.colcon_core.package_identification:_identify(dataset_raw/left) by extension 'python_setup_py'
[0.223s] Level 1:colcon.colcon_core.package_identification:_identify(dataset_raw/left/images) by extensions ['ignore', 'ignore_ament_install']
[0.223s] Level 1:colcon.colcon_core.package_identification:_identify(dataset_raw/left/images) by extension 'ignore'
[0.223s] Level 1:colcon.colcon_core.package_identification:_identify(dataset_raw/left/images) by extension 'ignore_ament_install'
[0.223s] Level 1:colcon.colcon_core.package_identification:_identify(dataset_raw/left/images) by extensions ['colcon_pkg']
[0.223s] Level 1:colcon.colcon_core.package_identification:_identify(dataset_raw/left/images) by extension 'colcon_pkg'
[0.223s] Level 1:colcon.colcon_core.package_identification:_identify(dataset_raw/left/images) by extensions ['colcon_meta']
[0.223s] Level 1:colcon.colcon_core.package_identification:_identify(dataset_raw/left/images) by extension 'colcon_meta'
[0.223s] Level 1:colcon.colcon_core.package_identification:_identify(dataset_raw/left/images) by extensions ['ros']
[0.223s] Level 1:colcon.colcon_core.package_identification:_identify(dataset_raw/left/images) by extension 'ros'
[0.223s] Level 1:colcon.colcon_core.package_identification:_identify(dataset_raw/left/images) by extensions ['cmake', 'python']
[0.223s] Level 1:colcon.colcon_core.package_identification:_identify(dataset_raw/left/images) by extension 'cmake'
[0.223s] Level 1:colcon.colcon_core.package_identification:_identify(dataset_raw/left/images) by extension 'python'
[0.223s] Level 1:colcon.colcon_core.package_identification:_identify(dataset_raw/left/images) by extensions ['python_setup_py']
[0.223s] Level 1:colcon.colcon_core.package_identification:_identify(dataset_raw/left/images) by extension 'python_setup_py'
[0.223s] Level 1:colcon.colcon_core.package_identification:_identify(dataset_raw/right) by extensions ['ignore', 'ignore_ament_install']
[0.223s] Level 1:colcon.colcon_core.package_identification:_identify(dataset_raw/right) by extension 'ignore'
[0.223s] Level 1:colcon.colcon_core.package_identification:_identify(dataset_raw/right) by extension 'ignore_ament_install'
[0.223s] Level 1:colcon.colcon_core.package_identification:_identify(dataset_raw/right) by extensions ['colcon_pkg']
[0.223s] Level 1:colcon.colcon_core.package_identification:_identify(dataset_raw/right) by extension 'colcon_pkg'
[0.223s] Level 1:colcon.colcon_core.package_identification:_identify(dataset_raw/right) by extensions ['colcon_meta']
[0.223s] Level 1:colcon.colcon_core.package_identification:_identify(dataset_raw/right) by extension 'colcon_meta'
[0.223s] Level 1:colcon.colcon_core.package_identification:_identify(dataset_raw/right) by extensions ['ros']
[0.223s] Level 1:colcon.colcon_core.package_identification:_identify(dataset_raw/right) by extension 'ros'
[0.223s] Level 1:colcon.colcon_core.package_identification:_identify(dataset_raw/right) by extensions ['cmake', 'python']
[0.223s] Level 1:colcon.colcon_core.package_identification:_identify(dataset_raw/right) by extension 'cmake'
[0.223s] Level 1:colcon.colcon_core.package_identification:_identify(dataset_raw/right) by extension 'python'
[0.223s] Level 1:colcon.colcon_core.package_identification:_identify(dataset_raw/right) by extensions ['python_setup_py']
[0.223s] Level 1:colcon.colcon_core.package_identification:_identify(dataset_raw/right) by extension 'python_setup_py'
[0.223s] Level 1:colcon.colcon_core.package_identification:_identify(dataset_raw/right/images) by extensions ['ignore', 'ignore_ament_install']
[0.223s] Level 1:colcon.colcon_core.package_identification:_identify(dataset_raw/right/images) by extension 'ignore'
[0.223s] Level 1:colcon.colcon_core.package_identification:_identify(dataset_raw/right/images) by extension 'ignore_ament_install'
[0.223s] Level 1:colcon.colcon_core.package_identification:_identify(dataset_raw/right/images) by extensions ['colcon_pkg']
[0.223s] Level 1:colcon.colcon_core.package_identification:_identify(dataset_raw/right/images) by extension 'colcon_pkg'
[0.223s] Level 1:colcon.colcon_core.package_identification:_identify(dataset_raw/right/images) by extensions ['colcon_meta']
[0.223s] Level 1:colcon.colcon_core.package_identification:_identify(dataset_raw/right/images) by extension 'colcon_meta'
[0.223s] Level 1:colcon.colcon_core.package_identification:_identify(dataset_raw/right/images) by extensions ['ros']
[0.223s] Level 1:colcon.colcon_core.package_identification:_identify(dataset_raw/right/images) by extension 'ros'
[0.223s] Level 1:colcon.colcon_core.package_identification:_identify(dataset_raw/right/images) by extensions ['cmake', 'python']
[0.223s] Level 1:colcon.colcon_core.package_identification:_identify(dataset_raw/right/images) by extension 'cmake'
[0.223s] Level 1:colcon.colcon_core.package_identification:_identify(dataset_raw/right/images) by extension 'python'
[0.223s] Level 1:colcon.colcon_core.package_identification:_identify(dataset_raw/right/images) by extensions ['python_setup_py']
[0.223s] Level 1:colcon.colcon_core.package_identification:_identify(dataset_raw/right/images) by extension 'python_setup_py'
[0.223s] Level 1:colcon.colcon_core.package_identification:_identify(install) by extensions ['ignore', 'ignore_ament_install']
[0.223s] Level 1:colcon.colcon_core.package_identification:_identify(install) by extension 'ignore'
[0.223s] Level 1:colcon.colcon_core.package_identification:_identify(install) ignored
[0.223s] Level 1:colcon.colcon_core.package_identification:_identify(log) by extensions ['ignore', 'ignore_ament_install']
[0.223s] Level 1:colcon.colcon_core.package_identification:_identify(log) by extension 'ignore'
[0.223s] Level 1:colcon.colcon_core.package_identification:_identify(log) ignored
[0.224s] Level 1:colcon.colcon_core.package_identification:_identify(src) by extensions ['ignore', 'ignore_ament_install']
[0.224s] Level 1:colcon.colcon_core.package_identification:_identify(src) by extension 'ignore'
[0.224s] Level 1:colcon.colcon_core.package_identification:_identify(src) by extension 'ignore_ament_install'
[0.224s] Level 1:colcon.colcon_core.package_identification:_identify(src) by extensions ['colcon_pkg']
[0.224s] Level 1:colcon.colcon_core.package_identification:_identify(src) by extension 'colcon_pkg'
[0.224s] Level 1:colcon.colcon_core.package_identification:_identify(src) by extensions ['colcon_meta']
[0.224s] Level 1:colcon.colcon_core.package_identification:_identify(src) by extension 'colcon_meta'
[0.224s] Level 1:colcon.colcon_core.package_identification:_identify(src) by extensions ['ros']
[0.224s] Level 1:colcon.colcon_core.package_identification:_identify(src) by extension 'ros'
[0.224s] Level 1:colcon.colcon_core.package_identification:_identify(src) by extensions ['cmake', 'python']
[0.224s] Level 1:colcon.colcon_core.package_identification:_identify(src) by extension 'cmake'
[0.224s] Level 1:colcon.colcon_core.package_identification:_identify(src) by extension 'python'
[0.224s] Level 1:colcon.colcon_core.package_identification:_identify(src) by extensions ['python_setup_py']
[0.224s] Level 1:colcon.colcon_core.package_identification:_identify(src) by extension 'python_setup_py'
[0.224s] Level 1:colcon.colcon_core.package_identification:_identify(src/yolov5_ros2) by extensions ['ignore', 'ignore_ament_install']
[0.224s] Level 1:colcon.colcon_core.package_identification:_identify(src/yolov5_ros2) by extension 'ignore'
[0.224s] Level 1:colcon.colcon_core.package_identification:_identify(src/yolov5_ros2) by extension 'ignore_ament_install'
[0.224s] Level 1:colcon.colcon_core.package_identification:_identify(src/yolov5_ros2) by extensions ['colcon_pkg']
[0.224s] Level 1:colcon.colcon_core.package_identification:_identify(src/yolov5_ros2) by extension 'colcon_pkg'
[0.224s] Level 1:colcon.colcon_core.package_identification:_identify(src/yolov5_ros2) by extensions ['colcon_meta']
[0.224s] Level 1:colcon.colcon_core.package_identification:_identify(src/yolov5_ros2) by extension 'colcon_meta'
[0.224s] Level 1:colcon.colcon_core.package_identification:_identify(src/yolov5_ros2) by extensions ['ros']
[0.224s] Level 1:colcon.colcon_core.package_identification:_identify(src/yolov5_ros2) by extension 'ros'
[0.226s] DEBUG:colcon.colcon_core.package_identification:Package 'src/yolov5_ros2' with type 'ros.ament_python' and name 'yolov5_ros2'
[0.226s] Level 1:colcon.colcon_core.package_discovery:discover_packages(recursive) using defaults
[0.226s] Level 1:colcon.colcon_core.package_discovery:discover_packages(ignore) discover
[0.226s] Level 1:colcon.colcon_core.package_discovery:discover_packages(ignore) using defaults
[0.226s] Level 1:colcon.colcon_core.package_discovery:discover_packages(path) discover
[0.226s] Level 1:colcon.colcon_core.package_discovery:discover_packages(path) using defaults
[0.240s] Level 1:colcon.colcon_core.package_discovery:discover_packages(prefix_path) check parameters
[0.240s] Level 1:colcon.colcon_core.package_discovery:discover_packages(prefix_path) discover
[0.241s] DEBUG:colcon.colcon_installed_package_information.package_discovery:Found 1 installed packages in /home/haoyu/yolov5_ws/install
[0.242s] DEBUG:colcon.colcon_installed_package_information.package_discovery:Found 276 installed packages in /opt/ros/humble
[0.242s] Level 1:colcon.colcon_core.package_discovery:discover_packages(prefix_path) using defaults
[0.258s] Level 5:colcon.colcon_core.verb:set package 'yolov5_ros2' build argument 'cmake_args' from command line to 'None'
[0.258s] Level 5:colcon.colcon_core.verb:set package 'yolov5_ros2' build argument 'cmake_target' from command line to 'None'
[0.258s] Level 5:colcon.colcon_core.verb:set package 'yolov5_ros2' build argument 'cmake_target_skip_unavailable' from command line to 'False'
[0.259s] Level 5:colcon.colcon_core.verb:set package 'yolov5_ros2' build argument 'cmake_clean_cache' from command line to 'False'
[0.259s] Level 5:colcon.colcon_core.verb:set package 'yolov5_ros2' build argument 'cmake_clean_first' from command line to 'False'
[0.259s] Level 5:colcon.colcon_core.verb:set package 'yolov5_ros2' build argument 'cmake_force_configure' from command line to 'False'
[0.259s] Level 5:colcon.colcon_core.verb:set package 'yolov5_ros2' build argument 'ament_cmake_args' from command line to 'None'
[0.259s] Level 5:colcon.colcon_core.verb:set package 'yolov5_ros2' build argument 'catkin_cmake_args' from command line to 'None'
[0.259s] Level 5:colcon.colcon_core.verb:set package 'yolov5_ros2' build argument 'catkin_skip_building_tests' from command line to 'False'
[0.259s] DEBUG:colcon.colcon_core.verb:Building package 'yolov5_ros2' with the following arguments: {'ament_cmake_args': None, 'build_base': '/home/haoyu/yolov5_ws/build/yolov5_ros2', 'catkin_cmake_args': None, 'catkin_skip_building_tests': False, 'cmake_args': None, 'cmake_clean_cache': False, 'cmake_clean_first': False, 'cmake_force_configure': False, 'cmake_target': None, 'cmake_target_skip_unavailable': False, 'install_base': '/home/haoyu/yolov5_ws/install/yolov5_ros2', 'merge_install': False, 'path': '/home/haoyu/yolov5_ws/src/yolov5_ros2', 'symlink_install': False, 'test_result_base': None}
[0.259s] INFO:colcon.colcon_core.executor:Executing jobs using 'parallel' executor
[0.260s] DEBUG:colcon.colcon_parallel_executor.executor.parallel:run_until_complete
[0.260s] INFO:colcon.colcon_ros.task.ament_python.build:Building ROS package in '/home/haoyu/yolov5_ws/src/yolov5_ros2' with build type 'ament_python'
[0.260s] Level 1:colcon.colcon_core.shell:create_environment_hook('yolov5_ros2', 'ament_prefix_path')
[0.261s] INFO:colcon.colcon_core.plugin_system:Skipping extension 'colcon_core.shell.bat': Not used on non-Windows systems
[0.261s] INFO:colcon.colcon_core.shell:Creating environment hook '/home/haoyu/yolov5_ws/install/yolov5_ros2/share/yolov5_ros2/hook/ament_prefix_path.ps1'
[0.262s] INFO:colcon.colcon_core.shell:Creating environment descriptor '/home/haoyu/yolov5_ws/install/yolov5_ros2/share/yolov5_ros2/hook/ament_prefix_path.dsv'
[0.262s] INFO:colcon.colcon_core.shell:Creating environment hook '/home/haoyu/yolov5_ws/install/yolov5_ros2/share/yolov5_ros2/hook/ament_prefix_path.sh'
[0.262s] INFO:colcon.colcon_core.shell:Skip shell extension 'powershell' for command environment: Not usable outside of PowerShell
[0.262s] DEBUG:colcon.colcon_core.shell:Skip shell extension 'dsv' for command environment
[0.453s] WARNING:colcon.colcon_ros.task.ament_python.build:Package 'yolov5_ros2' doesn't explicitly install a marker in the package index (colcon-ros currently does it implicitly but that fallback will be removed in the future)
[0.453s] INFO:colcon.colcon_core.task.python.build:Building Python package in '/home/haoyu/yolov5_ws/src/yolov5_ros2'
[0.453s] INFO:colcon.colcon_core.shell:Skip shell extension 'powershell' for command environment: Not usable outside of PowerShell
[0.453s] DEBUG:colcon.colcon_core.shell:Skip shell extension 'dsv' for command environment
[0.767s] DEBUG:colcon.colcon_core.event_handler.log_command:Invoking command in '/home/haoyu/yolov5_ws/src/yolov5_ros2': PYTHONPATH=/home/haoyu/yolov5_ws/build/yolov5_ros2/prefix_override:/usr/lib/python3/dist-packages/colcon_core/task/python/colcon_distutils_commands:/home/haoyu/yolov5_ws/install/yolov5_ros2/lib/python3.10/site-packages:${PYTHONPATH} /usr/bin/python3 -W ignore:setup.py install is deprecated -W ignore:easy_install command is deprecated setup.py egg_info --egg-base ../../build/yolov5_ros2 build --build-base /home/haoyu/yolov5_ws/build/yolov5_ros2/build install --record /home/haoyu/yolov5_ws/build/yolov5_ros2/install.log --single-version-externally-managed install_data
[1.094s] DEBUG:colcon.colcon_core.event_handler.log_command:Invoked command in '/home/haoyu/yolov5_ws/src/yolov5_ros2' returned '0': PYTHONPATH=/home/haoyu/yolov5_ws/build/yolov5_ros2/prefix_override:/usr/lib/python3/dist-packages/colcon_core/task/python/colcon_distutils_commands:/home/haoyu/yolov5_ws/install/yolov5_ros2/lib/python3.10/site-packages:${PYTHONPATH} /usr/bin/python3 -W ignore:setup.py install is deprecated -W ignore:easy_install command is deprecated setup.py egg_info --egg-base ../../build/yolov5_ros2 build --build-base /home/haoyu/yolov5_ws/build/yolov5_ros2/build install --record /home/haoyu/yolov5_ws/build/yolov5_ros2/install.log --single-version-externally-managed install_data
[1.096s] Level 1:colcon.colcon_core.environment:checking '/home/haoyu/yolov5_ws/install/yolov5_ros2' for CMake module files
[1.096s] Level 1:colcon.colcon_core.environment:checking '/home/haoyu/yolov5_ws/install/yolov5_ros2' for CMake config files
[1.097s] Level 1:colcon.colcon_core.environment:checking '/home/haoyu/yolov5_ws/install/yolov5_ros2/lib'
[1.097s] Level 1:colcon.colcon_core.environment:checking '/home/haoyu/yolov5_ws/install/yolov5_ros2/bin'
[1.097s] Level 1:colcon.colcon_core.environment:checking '/home/haoyu/yolov5_ws/install/yolov5_ros2/lib/pkgconfig/yolov5_ros2.pc'
[1.097s] Level 1:colcon.colcon_core.environment:checking '/home/haoyu/yolov5_ws/install/yolov5_ros2/lib/python3.10/site-packages'
[1.097s] Level 1:colcon.colcon_core.shell:create_environment_hook('yolov5_ros2', 'pythonpath')
[1.097s] INFO:colcon.colcon_core.shell:Creating environment hook '/home/haoyu/yolov5_ws/install/yolov5_ros2/share/yolov5_ros2/hook/pythonpath.ps1'
[1.098s] INFO:colcon.colcon_core.shell:Creating environment descriptor '/home/haoyu/yolov5_ws/install/yolov5_ros2/share/yolov5_ros2/hook/pythonpath.dsv'
[1.098s] INFO:colcon.colcon_core.shell:Creating environment hook '/home/haoyu/yolov5_ws/install/yolov5_ros2/share/yolov5_ros2/hook/pythonpath.sh'
[1.098s] Level 1:colcon.colcon_core.environment:checking '/home/haoyu/yolov5_ws/install/yolov5_ros2/bin'
[1.098s] Level 1:colcon.colcon_core.environment:create_environment_scripts_only(yolov5_ros2)
[1.099s] INFO:colcon.colcon_core.shell:Creating package script '/home/haoyu/yolov5_ws/install/yolov5_ros2/share/yolov5_ros2/package.ps1'
[1.099s] INFO:colcon.colcon_core.shell:Creating package descriptor '/home/haoyu/yolov5_ws/install/yolov5_ros2/share/yolov5_ros2/package.dsv'
[1.100s] INFO:colcon.colcon_core.shell:Creating package script '/home/haoyu/yolov5_ws/install/yolov5_ros2/share/yolov5_ros2/package.sh'
[1.100s] INFO:colcon.colcon_core.shell:Creating package script '/home/haoyu/yolov5_ws/install/yolov5_ros2/share/yolov5_ros2/package.bash'
[1.100s] INFO:colcon.colcon_core.shell:Creating package script '/home/haoyu/yolov5_ws/install/yolov5_ros2/share/yolov5_ros2/package.zsh'
[1.101s] Level 1:colcon.colcon_core.environment:create_file_with_runtime_dependencies(/home/haoyu/yolov5_ws/install/yolov5_ros2/share/colcon-core/packages/yolov5_ros2)
[1.101s] DEBUG:colcon.colcon_parallel_executor.executor.parallel:closing loop
[1.101s] DEBUG:colcon.colcon_parallel_executor.executor.parallel:loop closed
[1.101s] DEBUG:colcon.colcon_parallel_executor.executor.parallel:run_until_complete finished with '0'
[1.101s] DEBUG:colcon.colcon_core.event_reactor:joining thread
[1.104s] INFO:colcon.colcon_core.plugin_system:Skipping extension 'colcon_notification.desktop_notification.terminal_notifier': Not used on non-Darwin systems
[1.104s] INFO:colcon.colcon_core.plugin_system:Skipping extension 'colcon_notification.desktop_notification.win32': Not used on non-Windows systems
[1.104s] INFO:colcon.colcon_notification.desktop_notification:Sending desktop notification using 'notify2'
[1.111s] DEBUG:colcon.colcon_core.event_reactor:joined thread
[1.111s] INFO:colcon.colcon_core.shell:Creating prefix script '/home/haoyu/yolov5_ws/install/local_setup.ps1'
[1.112s] INFO:colcon.colcon_core.shell:Creating prefix util module '/home/haoyu/yolov5_ws/install/_local_setup_util_ps1.py'
[1.113s] INFO:colcon.colcon_core.shell:Creating prefix chain script '/home/haoyu/yolov5_ws/install/setup.ps1'
[1.114s] INFO:colcon.colcon_core.shell:Creating prefix script '/home/haoyu/yolov5_ws/install/local_setup.sh'
[1.114s] INFO:colcon.colcon_core.shell:Creating prefix util module '/home/haoyu/yolov5_ws/install/_local_setup_util_sh.py'
[1.114s] INFO:colcon.colcon_core.shell:Creating prefix chain script '/home/haoyu/yolov5_ws/install/setup.sh'
[1.115s] INFO:colcon.colcon_core.shell:Creating prefix script '/home/haoyu/yolov5_ws/install/local_setup.bash'
[1.115s] INFO:colcon.colcon_core.shell:Creating prefix chain script '/home/haoyu/yolov5_ws/install/setup.bash'
[1.116s] INFO:colcon.colcon_core.shell:Creating prefix script '/home/haoyu/yolov5_ws/install/local_setup.zsh'
[1.116s] INFO:colcon.colcon_core.shell:Creating prefix chain script '/home/haoyu/yolov5_ws/install/setup.zsh'
